<?xml version="1.0" encoding="UTF-8"?>
<!-- Generated by org.testng.reporters.JUnitReportReporter -->
<testsuite skipped="0" hostname="DESKTOP-KIH8VHJ" name="Runner.TestRunner" tests="2" failures="0" timestamp="2021-11-08T19:22:33 IST" time="20.409" errors="0">
  <testcase name="feature" time="20.405" classname="Runner.TestRunner"/>
  <system-out/>
  <testcase name="feature" time="0.004" classname="Runner.TestRunner"/>
  <system-out/>
</testsuite> <!-- Runner.TestRunner -->
