<?xml version="1.0" encoding="UTF-8"?>
<!-- Generated by org.testng.reporters.JUnitReportReporter -->
<testsuite skipped="0" hostname="DESKTOP-KIH8VHJ" name="Runner.TestRunner" tests="2" failures="0" timestamp="2021-11-08T21:26:45 IST" time="40.441" errors="0">
  <testcase name="feature" time="12.172" classname="Runner.TestRunner"/>
  <system-out/>
  <testcase name="feature" time="28.269" classname="Runner.TestRunner"/>
  <system-out/>
</testsuite> <!-- Runner.TestRunner -->
